◇ injected env (0) from .env // tip: ⌘ custom filepath { path: '/custom/path/.env' }
[32m[Nest] 114540  - [39m04/14/2026, 6:57:37 PM [32m    LOG[39m [38;5;3m[NestFactory] [39m[32mStarting Nest application...[39m
[32m[Nest] 114540  - [39m04/14/2026, 6:57:37 PM [32m    LOG[39m [38;5;3m[InstanceLoader] [39m[32mPassportModule dependencies initialized[39m[38;5;3m +26ms[39m
[32m[Nest] 114540  - [39m04/14/2026, 6:57:37 PM [32m    LOG[39m [38;5;3m[InstanceLoader] [39m[32mConfigHostModule dependencies initialized[39m[38;5;3m +0ms[39m
[32m[Nest] 114540  - [39m04/14/2026, 6:57:37 PM [32m    LOG[39m [38;5;3m[InstanceLoader] [39m[32mJwtModule dependencies initialized[39m[38;5;3m +1ms[39m
[32m[Nest] 114540  - [39m04/14/2026, 6:57:37 PM [32m    LOG[39m [38;5;3m[InstanceLoader] [39m[32mConfigModule dependencies initialized[39m[38;5;3m +0ms[39m
[32m[Nest] 114540  - [39m04/14/2026, 6:57:37 PM [32m    LOG[39m [38;5;3m[InstanceLoader] [39m[32mAuthModule dependencies initialized[39m[38;5;3m +2ms[39m
[32m[Nest] 114540  - [39m04/14/2026, 6:57:37 PM [32m    LOG[39m [38;5;3m[InstanceLoader] [39m[32mAppModule dependencies initialized[39m[38;5;3m +1ms[39m
[32m[Nest] 114540  - [39m04/14/2026, 6:57:37 PM [32m    LOG[39m [38;5;3m[RoutesResolver] [39m[32mAppController {/}:[39m[38;5;3m +15ms[39m
[32m[Nest] 114540  - [39m04/14/2026, 6:57:37 PM [32m    LOG[39m [38;5;3m[RouterExplorer] [39m[32mMapped {/, GET} route[39m[38;5;3m +7ms[39m
[32m[Nest] 114540  - [39m04/14/2026, 6:57:37 PM [32m    LOG[39m [38;5;3m[RoutesResolver] [39m[32mTransferController {/transfer}:[39m[38;5;3m +0ms[39m
[32m[Nest] 114540  - [39m04/14/2026, 6:57:37 PM [32m    LOG[39m [38;5;3m[RouterExplorer] [39m[32mMapped {/transfer, POST} route[39m[38;5;3m +1ms[39m
[32m[Nest] 114540  - [39m04/14/2026, 6:57:37 PM [32m    LOG[39m [38;5;3m[RoutesResolver] [39m[32mDrugCatalogController {/drug-catalog}:[39m[38;5;3m +2ms[39m
[32m[Nest] 114540  - [39m04/14/2026, 6:57:37 PM [32m    LOG[39m [38;5;3m[RouterExplorer] [39m[32mMapped {/drug-catalog, GET} route[39m[38;5;3m +1ms[39m
[32m[Nest] 114540  - [39m04/14/2026, 6:57:37 PM [32m    LOG[39m [38;5;3m[RouterExplorer] [39m[32mMapped {/drug-catalog, POST} route[39m[38;5;3m +1ms[39m
[32m[Nest] 114540  - [39m04/14/2026, 6:57:37 PM [32m    LOG[39m [38;5;3m[RoutesResolver] [39m[32mDrugsController {/drugs}:[39m[38;5;3m +0ms[39m
[32m[Nest] 114540  - [39m04/14/2026, 6:57:37 PM [32m    LOG[39m [38;5;3m[RouterExplorer] [39m[32mMapped {/drugs/all, GET} route[39m[38;5;3m +0ms[39m
[32m[Nest] 114540  - [39m04/14/2026, 6:57:37 PM [32m    LOG[39m [38;5;3m[RouterExplorer] [39m[32mMapped {/drugs/:id, GET} route[39m[38;5;3m +1ms[39m
[32m[Nest] 114540  - [39m04/14/2026, 6:57:37 PM [32m    LOG[39m [38;5;3m[RouterExplorer] [39m[32mMapped {/drugs/:id/history, GET} route[39m[38;5;3m +0ms[39m
[32m[Nest] 114540  - [39m04/14/2026, 6:57:37 PM [32m    LOG[39m [38;5;3m[RouterExplorer] [39m[32mMapped {/drugs, POST} route[39m[38;5;3m +1ms[39m
[32m[Nest] 114540  - [39m04/14/2026, 6:57:37 PM [32m    LOG[39m [38;5;3m[RouterExplorer] [39m[32mMapped {/drugs/recall, POST} route[39m[38;5;3m +1ms[39m
[32m[Nest] 114540  - [39m04/14/2026, 6:57:37 PM [32m    LOG[39m [38;5;3m[RouterExplorer] [39m[32mMapped {/drugs/sell, POST} route[39m[38;5;3m +0ms[39m
[32m[Nest] 114540  - [39m04/14/2026, 6:57:37 PM [32m    LOG[39m [38;5;3m[RouterExplorer] [39m[32mMapped {/drugs/return, POST} route[39m[38;5;3m +0ms[39m
[32m[Nest] 114540  - [39m04/14/2026, 6:57:37 PM [32m    LOG[39m [38;5;3m[RouterExplorer] [39m[32mMapped {/drugs/receive, POST} route[39m[38;5;3m +0ms[39m
[32m[Nest] 114540  - [39m04/14/2026, 6:57:37 PM [32m    LOG[39m [38;5;3m[RouterExplorer] [39m[32mMapped {/drugs/:id/price, GET} route[39m[38;5;3m +0ms[39m
[32m[Nest] 114540  - [39m04/14/2026, 6:57:37 PM [32m    LOG[39m [38;5;3m[RoutesResolver] [39m[32mNotificationsController {/notifications}:[39m[38;5;3m +0ms[39m
[32m[Nest] 114540  - [39m04/14/2026, 6:57:37 PM [32m    LOG[39m [38;5;3m[RouterExplorer] [39m[32mMapped {/notifications, GET} route[39m[38;5;3m +0ms[39m
[32m[Nest] 114540  - [39m04/14/2026, 6:57:37 PM [32m    LOG[39m [38;5;3m[RouterExplorer] [39m[32mMapped {/notifications/:id/read, POST} route[39m[38;5;3m +1ms[39m
[32m[Nest] 114540  - [39m04/14/2026, 6:57:37 PM [32m    LOG[39m [38;5;3m[RoutesResolver] [39m[32mAuthController {/auth}:[39m[38;5;3m +0ms[39m
[32m[Nest] 114540  - [39m04/14/2026, 6:57:37 PM [32m    LOG[39m [38;5;3m[RouterExplorer] [39m[32mMapped {/auth/register, POST} route[39m[38;5;3m +0ms[39m
[32m[Nest] 114540  - [39m04/14/2026, 6:57:37 PM [32m    LOG[39m [38;5;3m[RouterExplorer] [39m[32mMapped {/auth/login, POST} route[39m[38;5;3m +0ms[39m
[32m[Nest] 114540  - [39m04/14/2026, 6:57:37 PM [32m    LOG[39m [38;5;3m[FabricService] [39m[32m✔ Fabric Gateway connected successfully.[39m
[32m[Nest] 114540  - [39m04/14/2026, 6:57:37 PM [32m    LOG[39m [38;5;3m[NestApplication] [39m[32mNest application successfully started[39m[38;5;3m +3ms[39m
